<?xml version="1.0" encoding="UTF-8"?>
<testsuite xmlns:xsi="http://www.w3.org/2001/XMLSchema-instance" xsi:noNamespaceSchemaLocation="https://maven.apache.org/surefire/maven-surefire-plugin/xsd/surefire-test-report.xsd" name="TestSuite" time="183.205" tests="6" errors="0" skipped="0" failures="5">
  <properties>
[...]
</properties>
  <testcase name="loginTest2" classname="com.inetbanking.testcases.TC_LoginPageTest_001" time="0.922">
    <failure type="junit.framework.AssertionFailedError">junit.framework.AssertionFailedError
	at com.inetbanking.testcases.TC_LoginPageTest_001.loginTest2(TC_LoginPageTest_001.java:79)
</failure>
    <system-out><![CDATA[log4j: reset attribute= "false".
log4j: Threshold ="null".
log4j: Level value for root is  [debug].
log4j: root level set to DEBUG
log4j: Class name: [org.apache.log4j.ConsoleAppender]
log4j: Setting property [target] to [System.out].
log4j: Parsing layout of class: "org.apache.log4j.PatternLayout"
log4j: Setting property [conversionPattern] to [%d{yyyy-MM-dd HH:mm:ss} %-5p %c{1}:%L - %m%n].
log4j: Adding appender named [console] to category [root].
log4j: Class name: [org.apache.log4j.RollingFileAppender]
log4j: Setting property [file] to [demoApplication.log].
log4j: Parsing layout of class: "org.apache.log4j.PatternLayout"
log4j: Setting property [conversionPattern] to [%d{yyyy-MM-dd HH:mm:ss} %-5p %c{1}:%L - %m%n].
log4j: setFile called: demoApplication.log, true
log4j: setFile ended
log4j: Adding appender named [fileAppender] to category [root].
Screenshot taken
]]></system-out>
    <system-err><![CDATA[Starting ChromeDriver 81.0.4044.69 (6813546031a4bc83f717a2ef7cd4ac6ec1199132-refs/branch-heads/4044@{#776}) on port 5146
Only local connections are allowed.
Please protect ports used by ChromeDriver and related test frameworks to prevent access by malicious code.
May 04, 2020 11:14:55 PM org.openqa.selenium.remote.ProtocolHandshake createSession
INFO: Detected dialect: W3C
Starting ChromeDriver 81.0.4044.69 (6813546031a4bc83f717a2ef7cd4ac6ec1199132-refs/branch-heads/4044@{#776}) on port 5662
Only local connections are allowed.
Please protect ports used by ChromeDriver and related test frameworks to prevent access by malicious code.
May 04, 2020 11:15:07 PM org.openqa.selenium.remote.ProtocolHandshake createSession
INFO: Detected dialect: W3C
[1588614311.830][SEVERE]: Timed out receiving message from renderer: 0.100
[1588614311.976][SEVERE]: Timed out receiving message from renderer: 0.100
[1588614312.083][SEVERE]: Timed out receiving message from renderer: 0.100
[1588614312.192][SEVERE]: Timed out receiving message from renderer: 0.100
[1588614312.308][SEVERE]: Timed out receiving message from renderer: 0.100
[1588614312.419][SEVERE]: Timed out receiving message from renderer: 0.100
[1588614312.530][SEVERE]: Timed out receiving message from renderer: 0.100
[1588614312.717][SEVERE]: Timed out receiving message from renderer: 0.100
[1588614312.837][SEVERE]: Timed out receiving message from renderer: 0.100
[1588614312.961][SEVERE]: Timed out receiving message from renderer: 0.100
[1588614313.089][SEVERE]: Timed out receiving message from renderer: 0.100
[1588614313.198][SEVERE]: Timed out receiving message from renderer: 0.100
[1588614313.309][SEVERE]: Timed out receiving message from renderer: 0.100
[1588614313.436][SEVERE]: Timed out receiving message from renderer: 0.100
[1588614313.540][SEVERE]: Timed out receiving message from renderer: 0.100
[1588614313.653][SEVERE]: Timed out receiving message from renderer: 0.100
[1588614313.760][SEVERE]: Timed out receiving message from renderer: 0.100
[1588614313.865][SEVERE]: Timed out receiving message from renderer: 0.100
[1588614313.971][SEVERE]: Timed out receiving message from renderer: 0.100
[1588614314.092][SEVERE]: Timed out receiving message from renderer: 0.100
[1588614314.213][SEVERE]: Timed out receiving message from renderer: 0.100
[1588614314.936][SEVERE]: Timed out receiving message from renderer: 0.100
[1588614315.046][SEVERE]: Timed out receiving message from renderer: 0.100
[1588614315.171][SEVERE]: Timed out receiving message from renderer: 0.100
[1588614315.285][SEVERE]: Timed out receiving message from renderer: 0.100
[1588614315.393][SEVERE]: Timed out receiving message from renderer: 0.100
[1588614315.499][SEVERE]: Timed out receiving message from renderer: 0.100
[1588614315.605][SEVERE]: Timed out receiving message from renderer: 0.100
[1588614315.723][SEVERE]: Timed out receiving message from renderer: 0.100
[1588614315.857][SEVERE]: Timed out receiving message from renderer: 0.100
[1588614315.979][SEVERE]: Timed out receiving message from renderer: 0.100
[1588614316.084][SEVERE]: Timed out receiving message from renderer: 0.100
[1588614316.219][SEVERE]: Timed out receiving message from renderer: 0.100
[1588614316.339][SEVERE]: Timed out receiving message from renderer: 0.100
[1588614316.895][SEVERE]: Timed out receiving message from renderer: 0.100
[1588614317.251][SEVERE]: Timed out receiving message from renderer: 0.100
[1588614317.447][SEVERE]: Timed out receiving message from renderer: 0.100
[1588614317.551][SEVERE]: Timed out receiving message from renderer: 0.100
[1588614317.668][SEVERE]: Timed out receiving message from renderer: 0.100
[1588614317.820][SEVERE]: Timed out receiving message from renderer: 0.100
[1588614317.949][SEVERE]: Timed out receiving message from renderer: 0.100
[1588614318.366][SEVERE]: Timed out receiving message from renderer: 0.100
[1588614318.471][SEVERE]: Timed out receiving message from renderer: 0.100
[1588614318.575][SEVERE]: Timed out receiving message from renderer: 0.100
[1588614318.683][SEVERE]: Timed out receiving message from renderer: 0.100
[1588614318.873][SEVERE]: Timed out receiving message from renderer: 0.100
[1588614318.978][SEVERE]: Timed out receiving message from renderer: 0.100
[1588614319.080][SEVERE]: Timed out receiving message from renderer: 0.100
[1588614319.214][SEVERE]: Timed out receiving message from renderer: 0.100
[1588614319.324][SEVERE]: Timed out receiving message from renderer: 0.100
[1588614319.455][SEVERE]: Timed out receiving message from renderer: 0.100
[1588614319.607][SEVERE]: Timed out receiving message from renderer: 0.100
[1588614319.741][SEVERE]: Timed out receiving message from renderer: 0.100
[1588614319.848][SEVERE]: Timed out receiving message from renderer: 0.100
[1588614320.087][SEVERE]: Timed out receiving message from renderer: 0.100
[1588614322.350][SEVERE]: Timed out receiving message from renderer: 0.100
[1588614322.519][SEVERE]: Timed out receiving message from renderer: 0.100
[1588614323.752][SEVERE]: Timed out receiving message from renderer: 0.100
[1588614324.169][SEVERE]: Timed out receiving message from renderer: 0.100
[1588614324.271][SEVERE]: Timed out receiving message from renderer: 0.100
[1588614324.385][SEVERE]: Timed out receiving message from renderer: 0.100
[1588614324.491][SEVERE]: Timed out receiving message from renderer: 0.100
[1588614324.594][SEVERE]: Timed out receiving message from renderer: 0.100
[1588614324.710][SEVERE]: Timed out receiving message from renderer: 0.100
[1588614324.818][SEVERE]: Timed out receiving message from renderer: 0.100
[1588614324.924][SEVERE]: Timed out receiving message from renderer: 0.100
[1588614325.045][SEVERE]: Timed out receiving message from renderer: 0.100
[1588614325.150][SEVERE]: Timed out receiving message from renderer: 0.100
[1588614325.252][SEVERE]: Timed out receiving message from renderer: 0.100
[1588614325.357][SEVERE]: Timed out receiving message from renderer: 0.100
[1588614325.482][SEVERE]: Timed out receiving message from renderer: 0.100
[1588614325.592][SEVERE]: Timed out receiving message from renderer: 0.100
[1588614325.800][SEVERE]: Timed out receiving message from renderer: 0.100
[1588614325.905][SEVERE]: Timed out receiving message from renderer: 0.100
[1588614326.007][SEVERE]: Timed out receiving message from renderer: 0.100
[1588614326.112][SEVERE]: Timed out receiving message from renderer: 0.100
[1588614326.214][SEVERE]: Timed out receiving message from renderer: 0.100
[1588614326.319][SEVERE]: Timed out receiving message from renderer: 0.100
[1588614326.565][SEVERE]: Timed out receiving message from renderer: 0.100
[1588614326.669][SEVERE]: Timed out receiving message from renderer: 0.100
[1588614326.792][SEVERE]: Timed out receiving message from renderer: 0.100
[1588614326.896][SEVERE]: Timed out receiving message from renderer: 0.100
[1588614327.004][SEVERE]: Timed out receiving message from renderer: 0.100
[1588614327.125][SEVERE]: Timed out receiving message from renderer: 0.100
[1588614327.237][SEVERE]: Timed out receiving message from renderer: 0.100
[1588614327.347][SEVERE]: Timed out receiving message from renderer: 0.100
[1588614327.451][SEVERE]: Timed out receiving message from renderer: 0.100
[1588614327.553][SEVERE]: Timed out receiving message from renderer: 0.100
[1588614328.009][SEVERE]: Timed out receiving message from renderer: 0.100
[1588614328.154][SEVERE]: Timed out receiving message from renderer: 0.100
]]></system-err>
  </testcase>
  <testcase name="loginTestTitle" classname="com.inetbanking.testcases.TC_LoginPageTest_001" time="3.596">
    <failure type="junit.framework.AssertionFailedError">junit.framework.AssertionFailedError
	at com.inetbanking.testcases.TC_LoginPageTest_001.loginTestTitle(TC_LoginPageTest_001.java:43)
</failure>
    <system-out><![CDATA[2020-05-04 23:15:35 INFO  ebanking:19 - URL is opened
2020-05-04 23:15:36 INFO  ebanking:24 - username is entered
2020-05-04 23:15:37 INFO  ebanking:28 - password is entered
2020-05-04 23:15:37 INFO  ebanking:32 - submit button is clicked
Screenshot taken
]]></system-out>
  </testcase>
  <testcase name="loginDDT" classname="com.inetbanking.testcases.TC_LoginPageTestDTT_002" time="16.774"/>
  <testcase name="loginDDT" classname="com.inetbanking.testcases.TC_LoginPageTestDTT_002" time="3.822">
    <failure message="unexpected alert open: {Alert text : User or Password is not valid}&#10;  (Session info: chrome=81.0.4044.129): User or Password is not valid&#10;Build info: version: &apos;3.141.59&apos;, revision: &apos;e82be7d358&apos;, time: &apos;2018-11-14T08:17:03&apos;&#10;System info: host: &apos;PUNITP352016D&apos;, ip: &apos;5.250.152.99&apos;, os.name: &apos;Windows 10&apos;, os.arch: &apos;amd64&apos;, os.version: &apos;10.0&apos;, java.version: &apos;1.8.0_202&apos;&#10;Driver info: org.openqa.selenium.chrome.ChromeDriver&#10;Capabilities {acceptInsecureCerts: true, browserName: chrome, browserVersion: 81.0.4044.129, chrome: {chromedriverVersion: 81.0.4044.69 (6813546031a4b..., userDataDir: C:\Users\dikshit.bangera\Ap...}, goog:chromeOptions: {debuggerAddress: localhost:55051}, javascriptEnabled: true, networkConnectionEnabled: false, pageLoadStrategy: normal, platform: WINDOWS, platformName: WINDOWS, proxy: Proxy(), setWindowRect: true, strictFileInteractability: false, timeouts: {implicit: 0, pageLoad: 300000, script: 30000}, unhandledPromptBehavior: dismiss and notify, webauthn:virtualAuthenticators: true}&#10;Session ID: c897a66a1d3e391e3441ea2e4f2380df" type="org.openqa.selenium.UnhandledAlertException">org.openqa.selenium.UnhandledAlertException: 
unexpected alert open: {Alert text : User or Password is not valid}
  (Session info: chrome=81.0.4044.129): User or Password is not valid
Build info: version: '3.141.59', revision: 'e82be7d358', time: '2018-11-14T08:17:03'
System info: host: 'PUNITP352016D', ip: '5.250.152.99', os.name: 'Windows 10', os.arch: 'amd64', os.version: '10.0', java.version: '1.8.0_202'
Driver info: org.openqa.selenium.chrome.ChromeDriver
Capabilities {acceptInsecureCerts: true, browserName: chrome, browserVersion: 81.0.4044.129, chrome: {chromedriverVersion: 81.0.4044.69 (6813546031a4b..., userDataDir: C:\Users\dikshit.bangera\Ap...}, goog:chromeOptions: {debuggerAddress: localhost:55051}, javascriptEnabled: true, networkConnectionEnabled: false, pageLoadStrategy: normal, platform: WINDOWS, platformName: WINDOWS, proxy: Proxy(), setWindowRect: true, strictFileInteractability: false, timeouts: {implicit: 0, pageLoad: 300000, script: 30000}, unhandledPromptBehavior: dismiss and notify, webauthn:virtualAuthenticators: true}
Session ID: c897a66a1d3e391e3441ea2e4f2380df
	at com.inetbanking.testcases.TC_LoginPageTestDTT_002.loginDDT(TC_LoginPageTestDTT_002.java:28)
</failure>
    <system-out><![CDATA[2020-05-04 23:16:34 INFO  ebanking:19 - Username entered
2020-05-04 23:16:34 INFO  ebanking:21 - password entered
2020-05-04 23:16:34 INFO  ebanking:23 - Submit button clicked
]]></system-out>
  </testcase>
  <testcase name="loginDDT" classname="com.inetbanking.testcases.TC_LoginPageTestDTT_002" time="5.703">
    <failure message="unexpected alert open: {Alert text : User or Password is not valid}&#10;  (Session info: chrome=81.0.4044.129): User or Password is not valid&#10;Build info: version: &apos;3.141.59&apos;, revision: &apos;e82be7d358&apos;, time: &apos;2018-11-14T08:17:03&apos;&#10;System info: host: &apos;PUNITP352016D&apos;, ip: &apos;5.250.152.99&apos;, os.name: &apos;Windows 10&apos;, os.arch: &apos;amd64&apos;, os.version: &apos;10.0&apos;, java.version: &apos;1.8.0_202&apos;&#10;Driver info: org.openqa.selenium.chrome.ChromeDriver&#10;Capabilities {acceptInsecureCerts: true, browserName: chrome, browserVersion: 81.0.4044.129, chrome: {chromedriverVersion: 81.0.4044.69 (6813546031a4b..., userDataDir: C:\Users\dikshit.bangera\Ap...}, goog:chromeOptions: {debuggerAddress: localhost:55051}, javascriptEnabled: true, networkConnectionEnabled: false, pageLoadStrategy: normal, platform: WINDOWS, platformName: WINDOWS, proxy: Proxy(), setWindowRect: true, strictFileInteractability: false, timeouts: {implicit: 0, pageLoad: 300000, script: 30000}, unhandledPromptBehavior: dismiss and notify, webauthn:virtualAuthenticators: true}&#10;Session ID: c897a66a1d3e391e3441ea2e4f2380df" type="org.openqa.selenium.UnhandledAlertException">org.openqa.selenium.UnhandledAlertException: 
unexpected alert open: {Alert text : User or Password is not valid}
  (Session info: chrome=81.0.4044.129): User or Password is not valid
Build info: version: '3.141.59', revision: 'e82be7d358', time: '2018-11-14T08:17:03'
System info: host: 'PUNITP352016D', ip: '5.250.152.99', os.name: 'Windows 10', os.arch: 'amd64', os.version: '10.0', java.version: '1.8.0_202'
Driver info: org.openqa.selenium.chrome.ChromeDriver
Capabilities {acceptInsecureCerts: true, browserName: chrome, browserVersion: 81.0.4044.129, chrome: {chromedriverVersion: 81.0.4044.69 (6813546031a4b..., userDataDir: C:\Users\dikshit.bangera\Ap...}, goog:chromeOptions: {debuggerAddress: localhost:55051}, javascriptEnabled: true, networkConnectionEnabled: false, pageLoadStrategy: normal, platform: WINDOWS, platformName: WINDOWS, proxy: Proxy(), setWindowRect: true, strictFileInteractability: false, timeouts: {implicit: 0, pageLoad: 300000, script: 30000}, unhandledPromptBehavior: dismiss and notify, webauthn:virtualAuthenticators: true}
Session ID: c897a66a1d3e391e3441ea2e4f2380df
	at com.inetbanking.testcases.TC_LoginPageTestDTT_002.loginDDT(TC_LoginPageTestDTT_002.java:28)
</failure>
    <system-out><![CDATA[2020-05-04 23:16:39 INFO  ebanking:19 - Username entered
2020-05-04 23:16:40 INFO  ebanking:21 - password entered
2020-05-04 23:16:40 INFO  ebanking:23 - Submit button clicked
]]></system-out>
    <system-err><![CDATA[[1588614399.065][SEVERE]: Timed out receiving message from renderer: 0.100
[1588614399.167][SEVERE]: Timed out receiving message from renderer: 0.100
[1588614399.273][SEVERE]: Timed out receiving message from renderer: 0.100
[1588614399.445][SEVERE]: Timed out receiving message from renderer: 0.100
[1588614399.553][SEVERE]: Timed out receiving message from renderer: 0.100
]]></system-err>
  </testcase>
  <testcase name="addcustomer" classname="com.inetbanking.testcases.TC_AddNewCustomer_003" time="10.655">
    <failure message="unexpected alert open: {Alert text : Customer could not be added !!}&#10;  (Session info: chrome=81.0.4044.129): Customer could not be added !!&#10;Build info: version: &apos;3.141.59&apos;, revision: &apos;e82be7d358&apos;, time: &apos;2018-11-14T08:17:03&apos;&#10;System info: host: &apos;PUNITP352016D&apos;, ip: &apos;5.250.152.99&apos;, os.name: &apos;Windows 10&apos;, os.arch: &apos;amd64&apos;, os.version: &apos;10.0&apos;, java.version: &apos;1.8.0_202&apos;&#10;Driver info: org.openqa.selenium.chrome.ChromeDriver&#10;Capabilities {acceptInsecureCerts: true, browserName: chrome, browserVersion: 81.0.4044.129, chrome: {chromedriverVersion: 81.0.4044.69 (6813546031a4b..., userDataDir: C:\Users\dikshit.bangera\Ap...}, goog:chromeOptions: {debuggerAddress: localhost:55370}, javascriptEnabled: true, networkConnectionEnabled: false, pageLoadStrategy: normal, platform: WINDOWS, platformName: WINDOWS, proxy: Proxy(), setWindowRect: true, strictFileInteractability: false, timeouts: {implicit: 0, pageLoad: 300000, script: 30000}, unhandledPromptBehavior: dismiss and notify, webauthn:virtualAuthenticators: true}&#10;Session ID: ef2c7f3d344e62bfdcdaa0e734225713" type="org.openqa.selenium.UnhandledAlertException">org.openqa.selenium.UnhandledAlertException: 
unexpected alert open: {Alert text : Customer could not be added !!}
  (Session info: chrome=81.0.4044.129): Customer could not be added !!
Build info: version: '3.141.59', revision: 'e82be7d358', time: '2018-11-14T08:17:03'
System info: host: 'PUNITP352016D', ip: '5.250.152.99', os.name: 'Windows 10', os.arch: 'amd64', os.version: '10.0', java.version: '1.8.0_202'
Driver info: org.openqa.selenium.chrome.ChromeDriver
Capabilities {acceptInsecureCerts: true, browserName: chrome, browserVersion: 81.0.4044.129, chrome: {chromedriverVersion: 81.0.4044.69 (6813546031a4b..., userDataDir: C:\Users\dikshit.bangera\Ap...}, goog:chromeOptions: {debuggerAddress: localhost:55370}, javascriptEnabled: true, networkConnectionEnabled: false, pageLoadStrategy: normal, platform: WINDOWS, platformName: WINDOWS, proxy: Proxy(), setWindowRect: true, strictFileInteractability: false, timeouts: {implicit: 0, pageLoad: 300000, script: 30000}, unhandledPromptBehavior: dismiss and notify, webauthn:virtualAuthenticators: true}
Session ID: ef2c7f3d344e62bfdcdaa0e734225713
	at com.inetbanking.testcases.TC_AddNewCustomer_003.addcustomer(TC_AddNewCustomer_003.java:44)
</failure>
    <system-out><![CDATA[log4j: System property is :null
log4j: Standard DocumentBuilderFactory search succeded.
log4j: DocumentBuilderFactory is: com.sun.org.apache.xerces.internal.jaxp.DocumentBuilderFactoryImpl
log4j: debug attribute= "true".
log4j: reset attribute= "false".
log4j: Threshold ="null".
log4j: Level value for root is  [debug].
log4j: root level set to DEBUG
log4j: Class name: [org.apache.log4j.ConsoleAppender]
log4j: Setting property [target] to [System.out].
log4j: Parsing layout of class: "org.apache.log4j.PatternLayout"
log4j: Setting property [conversionPattern] to [%d{yyyy-MM-dd HH:mm:ss} %-5p %c{1}:%L - %m%n].
log4j: Adding appender named [console] to category [root].
log4j: Class name: [org.apache.log4j.RollingFileAppender]
log4j: Setting property [file] to [demoApplication.log].
log4j: Parsing layout of class: "org.apache.log4j.PatternLayout"
log4j: Setting property [conversionPattern] to [%d{yyyy-MM-dd HH:mm:ss} %-5p %c{1}:%L - %m%n].
log4j: setFile called: demoApplication.log, true
log4j: setFile ended
log4j: Adding appender named [fileAppender] to category [root].
2020-05-04 23:17:18 INFO  ebanking:21 - username is entered
2020-05-04 23:17:18 INFO  ebanking:23 - password is entered
2020-05-04 23:17:21 INFO  ebanking:28 - Adding new customer information........
2020-05-04 23:17:28 INFO  ebanking:42 - validation started....
]]></system-out>
    <system-err><![CDATA[Starting ChromeDriver 81.0.4044.69 (6813546031a4bc83f717a2ef7cd4ac6ec1199132-refs/branch-heads/4044@{#776}) on port 18489
Only local connections are allowed.
Please protect ports used by ChromeDriver and related test frameworks to prevent access by malicious code.
May 04, 2020 11:16:55 PM org.openqa.selenium.remote.ProtocolHandshake createSession
INFO: Detected dialect: W3C
Starting ChromeDriver 81.0.4044.69 (6813546031a4bc83f717a2ef7cd4ac6ec1199132-refs/branch-heads/4044@{#776}) on port 16938
Only local connections are allowed.
Please protect ports used by ChromeDriver and related test frameworks to prevent access by malicious code.
May 04, 2020 11:17:02 PM org.openqa.selenium.remote.ProtocolHandshake createSession
INFO: Detected dialect: W3C
[1588614427.774][SEVERE]: Timed out receiving message from renderer: 0.100
[1588614427.878][SEVERE]: Timed out receiving message from renderer: 0.100
[1588614427.980][SEVERE]: Timed out receiving message from renderer: 0.100
[1588614428.153][SEVERE]: Timed out receiving message from renderer: 0.100
[1588614428.254][SEVERE]: Timed out receiving message from renderer: 0.100
[1588614428.356][SEVERE]: Timed out receiving message from renderer: 0.100
[1588614428.458][SEVERE]: Timed out receiving message from renderer: 0.100
[1588614428.562][SEVERE]: Timed out receiving message from renderer: 0.100
[1588614428.665][SEVERE]: Timed out receiving message from renderer: 0.100
[1588614428.784][SEVERE]: Timed out receiving message from renderer: 0.100
[1588614428.895][SEVERE]: Timed out receiving message from renderer: 0.100
[1588614429.002][SEVERE]: Timed out receiving message from renderer: 0.100
[1588614429.120][SEVERE]: Timed out receiving message from renderer: 0.100
[1588614429.224][SEVERE]: Timed out receiving message from renderer: 0.100
[1588614429.326][SEVERE]: Timed out receiving message from renderer: 0.100
[1588614429.428][SEVERE]: Timed out receiving message from renderer: 0.100
[1588614429.533][SEVERE]: Timed out receiving message from renderer: 0.100
[1588614429.636][SEVERE]: Timed out receiving message from renderer: 0.100
[1588614429.738][SEVERE]: Timed out receiving message from renderer: 0.100
[1588614429.842][SEVERE]: Timed out receiving message from renderer: 0.100
[1588614429.946][SEVERE]: Timed out receiving message from renderer: 0.100
[1588614430.051][SEVERE]: Timed out receiving message from renderer: 0.100
[1588614430.153][SEVERE]: Timed out receiving message from renderer: 0.100
[1588614430.256][SEVERE]: Timed out receiving message from renderer: 0.100
[1588614430.363][SEVERE]: Timed out receiving message from renderer: 0.100
[1588614430.465][SEVERE]: Timed out receiving message from renderer: 0.100
[1588614430.604][SEVERE]: Timed out receiving message from renderer: 0.100
[1588614430.795][SEVERE]: Timed out receiving message from renderer: 0.100
[1588614433.790][SEVERE]: Timed out receiving message from renderer: 0.100
[1588614433.892][SEVERE]: Timed out receiving message from renderer: 0.100
[1588614433.998][SEVERE]: Timed out receiving message from renderer: 0.100
[1588614434.099][SEVERE]: Timed out receiving message from renderer: 0.100
[1588614434.201][SEVERE]: Timed out receiving message from renderer: 0.100
[1588614434.303][SEVERE]: Timed out receiving message from renderer: 0.100
[1588614434.407][SEVERE]: Timed out receiving message from renderer: 0.100
[1588614434.510][SEVERE]: Timed out receiving message from renderer: 0.100
[1588614434.613][SEVERE]: Timed out receiving message from renderer: 0.100
[1588614434.714][SEVERE]: Timed out receiving message from renderer: 0.100
[1588614434.817][SEVERE]: Timed out receiving message from renderer: 0.100
[1588614434.927][SEVERE]: Timed out receiving message from renderer: 0.100
[1588614435.031][SEVERE]: Timed out receiving message from renderer: 0.100
[1588614435.988][SEVERE]: Timed out receiving message from renderer: 0.100
[1588614436.092][SEVERE]: Timed out receiving message from renderer: 0.100
[1588614436.194][SEVERE]: Timed out receiving message from renderer: 0.100
[1588614436.297][SEVERE]: Timed out receiving message from renderer: 0.100
[1588614436.400][SEVERE]: Timed out receiving message from renderer: 0.100
[1588614436.503][SEVERE]: Timed out receiving message from renderer: 0.100
[1588614436.636][SEVERE]: Timed out receiving message from renderer: 0.100
[1588614436.741][SEVERE]: Timed out receiving message from renderer: 0.100
[1588614436.858][SEVERE]: Timed out receiving message from renderer: 0.100
[1588614436.973][SEVERE]: Timed out receiving message from renderer: 0.100
[1588614437.077][SEVERE]: Timed out receiving message from renderer: 0.100
[1588614437.185][SEVERE]: Timed out receiving message from renderer: 0.100
[1588614437.295][SEVERE]: Timed out receiving message from renderer: 0.100
[1588614437.400][SEVERE]: Timed out receiving message from renderer: 0.100
[1588614437.507][SEVERE]: Timed out receiving message from renderer: 0.100
[1588614437.611][SEVERE]: Timed out receiving message from renderer: 0.100
[1588614437.725][SEVERE]: Timed out receiving message from renderer: 0.100
[1588614437.831][SEVERE]: Timed out receiving message from renderer: 0.100
[1588614437.935][SEVERE]: Timed out receiving message from renderer: 0.100
[1588614438.049][SEVERE]: Timed out receiving message from renderer: 0.100
[1588614438.224][SEVERE]: Timed out receiving message from renderer: 0.100
[1588614440.324][SEVERE]: Timed out receiving message from renderer: 0.100
[1588614440.427][SEVERE]: Timed out receiving message from renderer: 0.100
[1588614440.537][SEVERE]: Timed out receiving message from renderer: 0.100
[1588614441.526][SEVERE]: Timed out receiving message from renderer: 0.100
]]></system-err>
  </testcase>
</testsuite>